Temp/gradleOut/unityLibrary/build/outputs/logs/manifest-merger-release-report.txt
-- Merging decision tree log ---
manifest
ADDED from src\main\AndroidManifest.xml:3:1-30:12
INJECTED from src\main\AndroidManifest.xml:3:1-30:12
INJECTED from src\main\AndroidManifest.xml:3:1-30:12
INJECTED from src\main\AndroidManifest.xml:3:1-30:12
INJECTED from src\main\AndroidManifest.xml:3:1-30:12
INJECTED from src\main\AndroidManifest.xml:3:1-30:12
INJECTED from src\main\AndroidManifest.xml:3:1-30:12
	package
		ADDED from src\main\AndroidManifest.xml:3:70-98
		INJECTED from src\main\AndroidManifest.xml
		INJECTED from src\main\AndroidManifest.xml
	android:versionName
		INJECTED from src\main\AndroidManifest.xml
		ADDED from src\main\AndroidManifest.xml:3:1-30:12
		INJECTED from src\main\AndroidManifest.xml
	xmlns:tools
		ADDED from src\main\AndroidManifest.xml:3:99-145
	android:versionCode
		INJECTED from src\main\AndroidManifest.xml
		ADDED from src\main\AndroidManifest.xml:3:1-30:12
		INJECTED from src\main\AndroidManifest.xml
	xmlns:android
		ADDED from src\main\AndroidManifest.xml:3:11-69
application
ADDED from src\main\AndroidManifest.xml:4:3-23:17
activity#com.unity.reflect.viewer.ReflectUnityPlayerActivity
ADDED from src\main\AndroidManifest.xml:5:5-18:16
	android:screenOrientation
		ADDED from src\main\AndroidManifest.xml:5:124-162
	android:launchMode
		ADDED from src\main\AndroidManifest.xml:5:163-194
	android:hardwareAccelerated
		ADDED from src\main\AndroidManifest.xml:5:377-412
	android:configChanges
		ADDED from src\main\AndroidManifest.xml:5:195-376
	android:theme
		ADDED from src\main\AndroidManifest.xml:5:82-123
	android:name
		ADDED from src\main\AndroidManifest.xml:5:15-81
intent-filter#action:name:android.intent.action.MAIN+category:name:android.intent.category.LAUNCHER
ADDED from src\main\AndroidManifest.xml:6:7-9:23
action#android.intent.action.MAIN
ADDED from src\main\AndroidManifest.xml:7:9-61
	android:name
		ADDED from src\main\AndroidManifest.xml:7:17-58
category#android.intent.category.LAUNCHER
ADDED from src\main\AndroidManifest.xml:8:9-69
	android:name
		ADDED from src\main\AndroidManifest.xml:8:19-66
meta-data#unityplayer.UnityActivity
ADDED from src\main\AndroidManifest.xml:10:7-82
	android:value
		ADDED from src\main\AndroidManifest.xml:10:59-79
	android:name
		ADDED from src\main\AndroidManifest.xml:10:18-58
meta-data#android.notch_support
ADDED from src\main\AndroidManifest.xml:11:7-78
	android:value
		ADDED from src\main\AndroidManifest.xml:11:55-75
	android:name
		ADDED from src\main\AndroidManifest.xml:11:18-54
intent-filter#action:name:android.intent.action.VIEW+category:name:android.intent.category.BROWSABLE+category:name:android.intent.category.DEFAULT+data:scheme:reflect
ADDED from src\main\AndroidManifest.xml:12:7-17:23
data
ADDED from src\main\AndroidManifest.xml:13:9-42
	android:scheme
		ADDED from src\main\AndroidManifest.xml:13:15-39
action#android.intent.action.VIEW
ADDED from src\main\AndroidManifest.xml:14:9-61
	android:name
		ADDED from src\main\AndroidManifest.xml:14:17-58
category#android.intent.category.DEFAULT
ADDED from src\main\AndroidManifest.xml:15:9-68
	android:name
		ADDED from src\main\AndroidManifest.xml:15:19-65
category#android.intent.category.BROWSABLE
ADDED from src\main\AndroidManifest.xml:16:9-70
	android:name
		ADDED from src\main\AndroidManifest.xml:16:19-67
meta-data#unity.splash-mode
ADDED from src\main\AndroidManifest.xml:19:5-69
	android:value
		ADDED from src\main\AndroidManifest.xml:19:49-66
	android:name
		ADDED from src\main\AndroidManifest.xml:19:16-48
meta-data#unity.splash-enable
ADDED from src\main\AndroidManifest.xml:20:5-74
	android:value
		ADDED from src\main\AndroidManifest.xml:20:51-71
	android:name
		ADDED from src\main\AndroidManifest.xml:20:16-50
meta-data#notch.config
ADDED from src\main\AndroidManifest.xml:21:5-81
	android:value
		ADDED from src\main\AndroidManifest.xml:21:44-78
	android:name
		ADDED from src\main\AndroidManifest.xml:21:16-43
meta-data#unity.build-id
ADDED from src\main\AndroidManifest.xml:22:5-101
	android:value
		ADDED from src\main\AndroidManifest.xml:22:46-98
	android:name
		ADDED from src\main\AndroidManifest.xml:22:16-45
uses-feature#0x00030000
ADDED from src\main\AndroidManifest.xml:24:3-52
	android:glEsVersion
		ADDED from src\main\AndroidManifest.xml:24:17-49
uses-feature#android.hardware.vulkan.version
ADDED from src\main\AndroidManifest.xml:25:3-91
	android:required
		ADDED from src\main\AndroidManifest.xml:25:64-88
	android:name
		ADDED from src\main\AndroidManifest.xml:25:17-63
uses-permission#android.permission.INTERNET
ADDED from src\main\AndroidManifest.xml:26:3-65
	android:name
		ADDED from src\main\AndroidManifest.xml:26:20-62
uses-feature#android.hardware.touchscreen
ADDED from src\main\AndroidManifest.xml:27:3-88
	android:required
		ADDED from src\main\AndroidManifest.xml:27:61-85
	android:name
		ADDED from src\main\AndroidManifest.xml:27:17-60
uses-feature#android.hardware.touchscreen.multitouch
ADDED from src\main\AndroidManifest.xml:28:3-99
	android:required
		ADDED from src\main\AndroidManifest.xml:28:72-96
	android:name
		ADDED from src\main\AndroidManifest.xml:28:17-71
uses-feature#android.hardware.touchscreen.multitouch.distinct
ADDED from src\main\AndroidManifest.xml:29:3-108
	android:required
		ADDED from src\main\AndroidManifest.xml:29:81-105
	android:name
		ADDED from src\main\AndroidManifest.xml:29:17-80
uses-sdk
INJECTED from src\main\AndroidManifest.xml reason: use-sdk injection requested
INJECTED from src\main\AndroidManifest.xml
INJECTED from src\main\AndroidManifest.xml
INJECTED from src\main\AndroidManifest.xml
INJECTED from src\main\AndroidManifest.xml
	android:targetSdkVersion
		INJECTED from src\main\AndroidManifest.xml
		ADDED from src\main\AndroidManifest.xml
		INJECTED from src\main\AndroidManifest.xml
	android:minSdkVersion
		INJECTED from src\main\AndroidManifest.xml
		ADDED from src\main\AndroidManifest.xml
		INJECTED from src\main\AndroidManifest.xml